# JRE version: OpenJDK Runtime Environment Temurin-21.0.9+10 (21.0.9+10) (build 21.0.9+10-LTS)
# Java VM: OpenJDK 64-Bit Server VM Temurin-21.0.9+10 (21.0.9+10-LTS, mixed mode, sharing, tiered, compressed oops, compressed class ptrs, parallel gc, windows-amd64)
GC Precious Log:
 CardTable entry size: 512
 CPUs: 8 total, 8 available
 Memory: 16222M
 Large Page Support: Disabled
 NUMA Support: Disabled
 Compressed Oops: Enabled (32-bit)
 Alignments: Space 512K, Generation 512K, Heap 2M
 Heap Min Capacity: 100M
 Heap Initial Capacity: 100M
 Heap Max Capacity: 2G
 Pre-touch: Disabled
 Parallel Workers: 8
Heap:
 PSYoungGen      total 2048K, used 523K [0x00000000d5580000, 0x00000000d5900000, 0x0000000100000000)
  eden space 1536K, 19% used [0x00000000d5580000,0x00000000d55cad48,0x00000000d5700000)
  from space 512K, 43% used [0x00000000d5880000,0x00000000d58b8000,0x00000000d5900000)
  to   space 512K, 0% used [0x00000000d5800000,0x00000000d5800000,0x00000000d5880000)
 ParOldGen       total 631808K, used 631446K [0x0000000080000000, 0x00000000a6900000, 0x00000000d5580000)
  object space 631808K, 99% used [0x0000000080000000,0x00000000a68a5ad8,0x00000000a6900000)
 Metaspace       used 73078K, committed 74688K, reserved 1179648K
  class space    used 7283K, committed 8128K, reserved 1048576K
GC Heap History (20 events):
Event: 39905.498 GC heap before
{Heap before GC invocations=629 (full 4):
 PSYoungGen      total 1024K, used 886K [0x00000000d5580000, 0x00000000d5780000, 0x0000000100000000)
  eden space 512K, 99% used [0x00000000d5580000,0x00000000d55ffff8,0x00000000d5600000)
  from space 512K, 73% used [0x00000000d5700000,0x00000000d575dad8,0x00000000d5780000)
  to   space 512K, 0% used [0x00000000d5600000,0x00000000d5600000,0x00000000d5680000)
 ParOldGen       total 626688K, used 626641K [0x0000000080000000, 0x00000000a6400000, 0x00000000d5580000)
  object space 626688K, 99% used [0x0000000080000000,0x00000000a63f4528,0x00000000a6400000)
 Metaspace       used 72944K, committed 74560K, reserved 1179648K
  class space    used 7266K, committed 8128K, reserved 1048576K
}
Event: 39905.500 GC heap after
{Heap after GC invocations=629 (full 4):
 PSYoungGen      total 1024K, used 502K [0x00000000d5580000, 0x00000000d5800000, 0x0000000100000000)
  eden space 512K, 0% used [0x00000000d5580000,0x00000000d5580000,0x00000000d5600000)
  from space 512K, 98% used [0x00000000d5600000,0x00000000d567dad8,0x00000000d5680000)
  to   space 1024K, 0% used [0x00000000d5700000,0x00000000d5700000,0x00000000d5800000)
 ParOldGen       total 627200K, used 626872K [0x0000000080000000, 0x00000000a6480000, 0x00000000d5580000)
  object space 627200K, 99% used [0x0000000080000000,0x00000000a642e000,0x00000000a6480000)
 Metaspace       used 72944K, committed 74560K, reserved 1179648K
  class space    used 7266K, committed 8128K, reserved 1048576K
}
Event: 39905.503 GC heap before
{Heap before GC invocations=630 (full 4):
 PSYoungGen      total 1024K, used 1014K [0x00000000d5580000, 0x00000000d5800000, 0x0000000100000000)
  eden space 512K, 100% used [0x00000000d5580000,0x00000000d5600000,0x00000000d5600000)
  from space 512K, 98% used [0x00000000d5600000,0x00000000d567dad8,0x00000000d5680000)
  to   space 1024K, 0% used [0x00000000d5700000,0x00000000d5700000,0x00000000d5800000)
 ParOldGen       total 627200K, used 626872K [0x0000000080000000, 0x00000000a6480000, 0x00000000d5580000)
  object space 627200K, 99% used [0x0000000080000000,0x00000000a642e000,0x00000000a6480000)
 Metaspace       used 72944K, committed 74560K, reserved 1179648K
  class space    used 7266K, committed 8128K, reserved 1048576K
}
Event: 39905.505 GC heap after
{Heap after GC invocations=630 (full 4):
 PSYoungGen      total 1536K, used 544K [0x00000000d5580000, 0x00000000d5880000, 0x0000000100000000)
  eden space 512K, 0% used [0x00000000d5580000,0x00000000d5580000,0x00000000d5600000)
  from space 1024K, 53% used [0x00000000d5700000,0x00000000d5788000,0x00000000d5800000)
  to   space 1024K, 0% used [0x00000000d5600000,0x00000000d5600000,0x00000000d5700000)
 ParOldGen       total 627712K, used 627342K [0x0000000080000000, 0x00000000a6500000, 0x00000000d5580000)
  object space 627712K, 99% used [0x0000000080000000,0x00000000a64a3ad8,0x00000000a6500000)
 Metaspace       used 72944K, committed 74560K, reserved 1179648K
  class space    used 7266K, committed 8128K, reserved 1048576K
}
Event: 39905.511 GC heap before
{Heap before GC invocations=631 (full 4):
 PSYoungGen      total 1536K, used 1056K [0x00000000d5580000, 0x00000000d5880000, 0x0000000100000000)
  eden space 512K, 100% used [0x00000000d5580000,0x00000000d5600000,0x00000000d5600000)
  from space 1024K, 53% used [0x00000000d5700000,0x00000000d5788000,0x00000000d5800000)
  to   space 1024K, 0% used [0x00000000d5600000,0x00000000d5600000,0x00000000d5700000)
 ParOldGen       total 627712K, used 627342K [0x0000000080000000, 0x00000000a6500000, 0x00000000d5580000)
  object space 627712K, 99% used [0x0000000080000000,0x00000000a64a3ad8,0x00000000a6500000)
 Metaspace       used 72944K, committed 74560K, reserved 1179648K
  class space    used 7266K, committed 8128K, reserved 1048576K
}
Event: 39905.513 GC heap after
{Heap after GC invocations=631 (full 4):
 PSYoungGen      total 1536K, used 576K [0x00000000d5580000, 0x00000000d5880000, 0x0000000100000000)
  eden space 512K, 0% used [0x00000000d5580000,0x00000000d5580000,0x00000000d5600000)
  from space 1024K, 56% used [0x00000000d5600000,0x00000000d5690000,0x00000000d5700000)
  to   space 1024K, 0% used [0x00000000d5780000,0x00000000d5780000,0x00000000d5880000)
 ParOldGen       total 628224K, used 627838K [0x0000000080000000, 0x00000000a6580000, 0x00000000d5580000)
  object space 628224K, 99% used [0x0000000080000000,0x00000000a651fad8,0x00000000a6580000)
 Metaspace       used 72944K, committed 74560K, reserved 1179648K
  class space    used 7266K, committed 8128K, reserved 1048576K
}
Event: 39905.516 GC heap before
{Heap before GC invocations=632 (full 4):
 PSYoungGen      total 1536K, used 1088K [0x00000000d5580000, 0x00000000d5880000, 0x0000000100000000)
  eden space 512K, 100% used [0x00000000d5580000,0x00000000d5600000,0x00000000d5600000)
  from space 1024K, 56% used [0x00000000d5600000,0x00000000d5690000,0x00000000d5700000)
  to   space 1024K, 0% used [0x00000000d5780000,0x00000000d5780000,0x00000000d5880000)
 ParOldGen       total 628224K, used 627838K [0x0000000080000000, 0x00000000a6580000, 0x00000000d5580000)
  object space 628224K, 99% used [0x0000000080000000,0x00000000a651fad8,0x00000000a6580000)
 Metaspace       used 72944K, committed 74560K, reserved 1179648K
  class space    used 7266K, committed 8128K, reserved 1048576K
}
Event: 39905.518 GC heap after
{Heap after GC invocations=632 (full 4):
 PSYoungGen      total 2048K, used 608K [0x00000000d5580000, 0x00000000d5880000, 0x0000000100000000)
  eden space 1024K, 0% used [0x00000000d5580000,0x00000000d5580000,0x00000000d5680000)
  from space 1024K, 59% used [0x00000000d5780000,0x00000000d5818000,0x00000000d5880000)
  to   space 1024K, 0% used [0x00000000d5680000,0x00000000d5680000,0x00000000d5780000)
 ParOldGen       total 628736K, used 628342K [0x0000000080000000, 0x00000000a6600000, 0x00000000d5580000)
  object space 628736K, 99% used [0x0000000080000000,0x00000000a659dad8,0x00000000a6600000)
 Metaspace       used 72944K, committed 74560K, reserved 1179648K
  class space    used 7266K, committed 8128K, reserved 1048576K
}
Event: 39905.524 GC heap before
{Heap before GC invocations=633 (full 4):
 PSYoungGen      total 2048K, used 1632K [0x00000000d5580000, 0x00000000d5880000, 0x0000000100000000)
  eden space 1024K, 100% used [0x00000000d5580000,0x00000000d5680000,0x00000000d5680000)
  from space 1024K, 59% used [0x00000000d5780000,0x00000000d5818000,0x00000000d5880000)
  to   space 1024K, 0% used [0x00000000d5680000,0x00000000d5680000,0x00000000d5780000)
 ParOldGen       total 628736K, used 628342K [0x0000000080000000, 0x00000000a6600000, 0x00000000d5580000)
  object space 628736K, 99% used [0x0000000080000000,0x00000000a659dad8,0x00000000a6600000)
 Metaspace       used 72944K, committed 74560K, reserved 1179648K
  class space    used 7266K, committed 8128K, reserved 1048576K
}
Event: 39905.527 GC heap after
{Heap after GC invocations=633 (full 4):
 PSYoungGen      total 2048K, used 1024K [0x00000000d5580000, 0x00000000d5b00000, 0x0000000100000000)
  eden space 1024K, 0% used [0x00000000d5580000,0x00000000d5580000,0x00000000d5680000)
  from space 1024K, 100% used [0x00000000d5680000,0x00000000d5780000,0x00000000d5780000)
  to   space 2048K, 0% used [0x00000000d5900000,0x00000000d5900000,0x00000000d5b00000)
 ParOldGen       total 629248K, used 628870K [0x0000000080000000, 0x00000000a6680000, 0x00000000d5580000)
  object space 629248K, 99% used [0x0000000080000000,0x00000000a6621ad8,0x00000000a6680000)
 Metaspace       used 72944K, committed 74560K, reserved 1179648K
  class space    used 7266K, committed 8128K, reserved 1048576K
}
Event: 39905.544 GC heap before
{Heap before GC invocations=634 (full 4):
 PSYoungGen      total 2048K, used 2046K [0x00000000d5580000, 0x00000000d5b00000, 0x0000000100000000)
  eden space 1024K, 99% used [0x00000000d5580000,0x00000000d567fa38,0x00000000d5680000)
  from space 1024K, 100% used [0x00000000d5680000,0x00000000d5780000,0x00000000d5780000)
  to   space 2048K, 0% used [0x00000000d5900000,0x00000000d5900000,0x00000000d5b00000)
 ParOldGen       total 629248K, used 628870K [0x0000000080000000, 0x00000000a6680000, 0x00000000d5580000)
  object space 629248K, 99% used [0x0000000080000000,0x00000000a6621ad8,0x00000000a6680000)
 Metaspace       used 72944K, committed 74560K, reserved 1179648K
  class space    used 7266K, committed 8128K, reserved 1048576K
}
Event: 39905.547 GC heap after
{Heap after GC invocations=634 (full 4):
 PSYoungGen      total 2560K, used 976K [0x00000000d5580000, 0x00000000d5a00000, 0x0000000100000000)
  eden space 1536K, 0% used [0x00000000d5580000,0x00000000d5580000,0x00000000d5700000)
  from space 1024K, 95% used [0x00000000d5900000,0x00000000d59f4000,0x00000000d5a00000)
  to   space 1536K, 0% used [0x00000000d5700000,0x00000000d5700000,0x00000000d5880000)
 ParOldGen       total 630272K, used 629878K [0x0000000080000000, 0x00000000a6780000, 0x00000000d5580000)
  object space 630272K, 99% used [0x0000000080000000,0x00000000a671dad8,0x00000000a6780000)
 Metaspace       used 72944K, committed 74560K, reserved 1179648K
  class space    used 7266K, committed 8128K, reserved 1048576K
}
Event: 39983.858 GC heap before
{Heap before GC invocations=635 (full 4):
 PSYoungGen      total 2560K, used 2511K [0x00000000d5580000, 0x00000000d5a00000, 0x0000000100000000)
  eden space 1536K, 99% used [0x00000000d5580000,0x00000000d56ffff0,0x00000000d5700000)
  from space 1024K, 95% used [0x00000000d5900000,0x00000000d59f4000,0x00000000d5a00000)
  to   space 1536K, 0% used [0x00000000d5700000,0x00000000d5700000,0x00000000d5880000)
 ParOldGen       total 630272K, used 629878K [0x0000000080000000, 0x00000000a6780000, 0x00000000d5580000)
  object space 630272K, 99% used [0x0000000080000000,0x00000000a671dad8,0x00000000a6780000)
 Metaspace       used 72952K, committed 74560K, reserved 1179648K
  class space    used 7266K, committed 8128K, reserved 1048576K
}
Event: 39983.862 GC heap after
{Heap after GC invocations=635 (full 4):
 PSYoungGen      total 3072K, used 648K [0x00000000d5580000, 0x00000000d5980000, 0x0000000100000000)
  eden space 1536K, 0% used [0x00000000d5580000,0x00000000d5580000,0x00000000d5700000)
  from space 1536K, 42% used [0x00000000d5700000,0x00000000d57a2000,0x00000000d5880000)
  to   space 1024K, 0% used [0x00000000d5880000,0x00000000d5880000,0x00000000d5980000)
 ParOldGen       total 630784K, used 630582K [0x0000000080000000, 0x00000000a6800000, 0x00000000d5580000)
  object space 630784K, 99% used [0x0000000080000000,0x00000000a67cdad8,0x00000000a6800000)
 Metaspace       used 72952K, committed 74560K, reserved 1179648K
  class space    used 7266K, committed 8128K, reserved 1048576K
}
Event: 40024.293 GC heap before
{Heap before GC invocations=636 (full 4):
 PSYoungGen      total 3072K, used 2184K [0x00000000d5580000, 0x00000000d5980000, 0x0000000100000000)
  eden space 1536K, 100% used [0x00000000d5580000,0x00000000d5700000,0x00000000d5700000)
  from space 1536K, 42% used [0x00000000d5700000,0x00000000d57a2000,0x00000000d5880000)
  to   space 1024K, 0% used [0x00000000d5880000,0x00000000d5880000,0x00000000d5980000)
 ParOldGen       total 630784K, used 630582K [0x0000000080000000, 0x00000000a6800000, 0x00000000d5580000)
  object space 630784K, 99% used [0x0000000080000000,0x00000000a67cdad8,0x00000000a6800000)
 Metaspace       used 73019K, committed 74624K, reserved 1179648K
  class space    used 7275K, committed 8128K, reserved 1048576K
}
Event: 40024.297 GC heap after
{Heap after GC invocations=636 (full 4):
 PSYoungGen      total 2048K, used 320K [0x00000000d5580000, 0x00000000d5900000, 0x0000000100000000)
  eden space 1536K, 0% used [0x00000000d5580000,0x00000000d5580000,0x00000000d5700000)
  from space 512K, 62% used [0x00000000d5880000,0x00000000d58d0000,0x00000000d5900000)
  to   space 512K, 0% used [0x00000000d5800000,0x00000000d5800000,0x00000000d5880000)
 ParOldGen       total 631296K, used 631102K [0x0000000080000000, 0x00000000a6880000, 0x00000000d5580000)
  object space 631296K, 99% used [0x0000000080000000,0x00000000a684fad8,0x00000000a6880000)
 Metaspace       used 73019K, committed 74624K, reserved 1179648K
  class space    used 7275K, committed 8128K, reserved 1048576K
}
Event: 40024.449 GC heap before
{Heap before GC invocations=637 (full 4):
 PSYoungGen      total 2048K, used 1856K [0x00000000d5580000, 0x00000000d5900000, 0x0000000100000000)
  eden space 1536K, 100% used [0x00000000d5580000,0x00000000d5700000,0x00000000d5700000)
  from space 512K, 62% used [0x00000000d5880000,0x00000000d58d0000,0x00000000d5900000)
  to   space 512K, 0% used [0x00000000d5800000,0x00000000d5800000,0x00000000d5880000)
 ParOldGen       total 631296K, used 631102K [0x0000000080000000, 0x00000000a6880000, 0x00000000d5580000)
  object space 631296K, 99% used [0x0000000080000000,0x00000000a684fad8,0x00000000a6880000)
 Metaspace       used 73072K, committed 74688K, reserved 1179648K
  class space    used 7283K, committed 8128K, reserved 1048576K
}
Event: 40024.452 GC heap after
{Heap after GC invocations=637 (full 4):
 PSYoungGen      total 2048K, used 256K [0x00000000d5580000, 0x00000000d5900000, 0x0000000100000000)
  eden space 1536K, 0% used [0x00000000d5580000,0x00000000d5580000,0x00000000d5700000)
  from space 512K, 50% used [0x00000000d5800000,0x00000000d5840000,0x00000000d5880000)
  to   space 512K, 0% used [0x00000000d5880000,0x00000000d5880000,0x00000000d5900000)
 ParOldGen       total 631296K, used 631270K [0x0000000080000000, 0x00000000a6880000, 0x00000000d5580000)
  object space 631296K, 99% used [0x0000000080000000,0x00000000a6879ad8,0x00000000a6880000)
 Metaspace       used 73072K, committed 74688K, reserved 1179648K
  class space    used 7283K, committed 8128K, reserved 1048576K
}
Event: 40056.896 GC heap before
{Heap before GC invocations=638 (full 4):
 PSYoungGen      total 2048K, used 1792K [0x00000000d5580000, 0x00000000d5900000, 0x0000000100000000)
  eden space 1536K, 100% used [0x00000000d5580000,0x00000000d5700000,0x00000000d5700000)
  from space 512K, 50% used [0x00000000d5800000,0x00000000d5840000,0x00000000d5880000)
  to   space 512K, 0% used [0x00000000d5880000,0x00000000d5880000,0x00000000d5900000)
 ParOldGen       total 631296K, used 631270K [0x0000000080000000, 0x00000000a6880000, 0x00000000d5580000)
  object space 631296K, 99% used [0x0000000080000000,0x00000000a6879ad8,0x00000000a6880000)
 Metaspace       used 73074K, committed 74688K, reserved 1179648K
  class space    used 7283K, committed 8128K, reserved 1048576K
}
Event: 40056.898 GC heap after
{Heap after GC invocations=638 (full 4):
 PSYoungGen      total 2048K, used 224K [0x00000000d5580000, 0x00000000d5900000, 0x0000000100000000)
  eden space 1536K, 0% used [0x00000000d5580000,0x00000000d5580000,0x00000000d5700000)
  from space 512K, 43% used [0x00000000d5880000,0x00000000d58b8000,0x00000000d5900000)
  to   space 512K, 0% used [0x00000000d5800000,0x00000000d5800000,0x00000000d5880000)
 ParOldGen       total 631808K, used 631446K [0x0000000080000000, 0x00000000a6900000, 0x00000000d5580000)
  object space 631808K, 99% used [0x0000000080000000,0x00000000a68a5ad8,0x00000000a6900000)
 Metaspace       used 73074K, committed 74688K, reserved 1179648K
  class space    used 7283K, committed 8128K, reserved 1048576K
}

